<?xml version="1.0" encoding="UTF-8"?>
<!-- Generated by org.testng.reporters.JUnitReportReporter -->
<testsuite hostname="LAPTOP-P34I9C3O" failures="0" tests="1" name="framework.E2etesting.validatenavigator" time="0.000" errors="0" timestamp="2021-06-01T07:59:50 CDT" skipped="1">
  <testcase classname="framework.E2etesting.validatenavigator" name="basepagenavigation" time="0.000">
    <skipped/>
  </testcase> <!-- basepagenavigation -->
  <system-out/>
</testsuite> <!-- framework.E2etesting.validatenavigator -->
