<?xml version="1.0" encoding="UTF-8"?>
<!-- Generated by org.testng.reporters.JUnitReportReporter -->
<testsuite skipped="1" hostname="LAPTOP-P34I9C3O" name="framework.E2etesting.validatenavigator" tests="1" failures="0" timestamp="2021-06-01T09:53:40 CDT" time="0.000" errors="0">
  <testcase name="basepagenavigation" time="0.000" classname="framework.E2etesting.validatenavigator">
    <skipped/>
  </testcase> <!-- basepagenavigation -->
  <system-out/>
</testsuite> <!-- framework.E2etesting.validatenavigator -->
